<?xml version="1.0" encoding="UTF-8"?>
<!-- Generated by org.testng.reporters.JUnitReportReporter -->
<testsuite skipped="0" hostname="DESKTOP-GANESH" name="Sample1.Sample1.FB_Login_Test" tests="3" failures="0" timestamp="2019-09-04T10:14:40 IST" time="58.063" errors="0">
  <testcase name="logout" time="4.874" classname="Sample1.Sample1.FB_Login_Test"/>
  <testcase name="Login_URL" time="50.717" classname="Sample1.Sample1.FB_Login_Test"/>
  <testcase name="Manage_group" time="2.472" classname="Sample1.Sample1.FB_Login_Test"/>
</testsuite> <!-- Sample1.Sample1.FB_Login_Test -->
